{"/Users/darioronzoni/Development/graphql-gen/apollo-gen/src/helpers/graphql-to-js.ts": {"path":"/Users/darioronzoni/Development/graphql-gen/apollo-gen/src/helpers/graphql-to-js.ts","statementMap":{"0":{"start":{"line":1,"column":0},"end":{"line":1,"column":81}},"1":{"start":{"line":3,"column":13},"end":{"line":5,"column":2}},"2":{"start":{"line":3,"column":52},"end":{"line":5,"column":1}},"3":{"start":{"line":4,"column":4},"end":{"line":4,"column":60}}},"fnMap":{"0":{"name":"(anonymous_6)","decl":{"start":{"line":3,"column":27},"end":{"line":3,"column":34}},"loc":{"start":{"line":3,"column":52},"end":{"line":5,"column":1}}},"1":{"name":"(anonymous_7)","decl":{"start":{"line":3,"column":52},"end":{"line":null,"column":-1}},"loc":{"start":{"line":3,"column":52},"end":{"line":5,"column":1}}}},"branchMap":{},"s":{"0":1,"1":1,"2":1,"3":1},"f":{"0":1,"1":1},"b":{}}
}
